<!DOCTYPE html>
<html>
<head>
<meta http-equiv="Content-Type" content="text/html; charset=utf-8"/>
<meta http-equiv="x-ua-compatible" content="IE=edge"/>
<title>Test results - Class Test Automation Web</title>
<link href="../css/base-style.css" rel="stylesheet" type="text/css"/>
<link href="../css/style.css" rel="stylesheet" type="text/css"/>
<script src="../js/report.js" type="text/javascript"></script>
</head>
<body>
<div id="content">
<h1>Class Test Automation Web</h1>
<div class="breadcrumbs">
<a href="../index.html">all</a> &gt; 
<a href="../packages/default-package.html">default-package</a> &gt; Test Automation Web</div>
<div id="summary">
<table>
<tr>
<td>
<div class="summaryGroup">
<table>
<tr>
<td>
<div class="infoBox" id="tests">
<div class="counter">5</div>
<p>tests</p>
</div>
</td>
<td>
<div class="infoBox" id="failures">
<div class="counter">3</div>
<p>failures</p>
</div>
</td>
<td>
<div class="infoBox" id="ignored">
<div class="counter">0</div>
<p>ignored</p>
</div>
</td>
<td>
<div class="infoBox" id="duration">
<div class="counter">41.281s</div>
<p>duration</p>
</div>
</td>
</tr>
</table>
</div>
</td>
<td>
<div class="infoBox failures" id="successRate">
<div class="percent">40%</div>
<p>successful</p>
</div>
</td>
</tr>
</table>
</div>
<div id="tabs">
<ul class="tabLinks">
<li>
<a href="#tab0">Failed tests</a>
</li>
<li>
<a href="#tab1">Tests</a>
</li>
<li>
<a href="#tab2">Standard output</a>
</li>
<li>
<a href="#tab3">Standard error</a>
</li>
</ul>
<div id="tab0" class="tab">
<h2>Failed tests</h2>
<div class="test">
<a name="Test detail categories"></a>
<h3 class="failures">Test detail categories</h3>
<span class="code">
<pre>org.openqa.selenium.UnhandledAlertException: unexpected alert open: {Alert text : User does not exist.}
  (Session info: chrome=135.0.7049.42): User does not exist.
Build info: version: '4.29.0', revision: '5fc1ec94cb'
System info: os.name: 'Windows 11', os.arch: 'amd64', os.version: '10.0', java.version: '22.0.2'
Driver info: org.openqa.selenium.chrome.ChromeDriver
Command: [52cd9468643fc1b4ab501fca9679ecbb, findElement {value=//a[@onclick=&quot;byCat('phone')&quot;], using=xpath}]
Capabilities {acceptInsecureCerts: false, browserName: chrome, browserVersion: 135.0.7049.42, chrome: {chromedriverVersion: 135.0.7049.84 (6c019e560019..., userDataDir: C:\WINDOWS\SystemTemp\scope...}, fedcm:accounts: true, goog:chromeOptions: {debuggerAddress: localhost:51332}, networkConnectionEnabled: false, pageLoadStrategy: normal, platformName: windows, proxy: Proxy(), se:cdp: ws://localhost:51332/devtoo..., se:cdpVersion: 135.0.7049.42, setWindowRect: true, strictFileInteractability: false, timeouts: {implicit: 0, pageLoad: 300000, script: 30000}, unhandledPromptBehavior: dismiss and notify, webauthn:extension:credBlob: true, webauthn:extension:largeBlob: true, webauthn:extension:minPinLength: true, webauthn:extension:prf: true, webauthn:virtualAuthenticators: true}
Session ID: 52cd9468643fc1b4ab501fca9679ecbb
	at app//org.openqa.selenium.remote.codec.w3c.W3CHttpResponseCodec.decode(W3CHttpResponseCodec.java:136)
	at app//org.openqa.selenium.remote.codec.w3c.W3CHttpResponseCodec.decode(W3CHttpResponseCodec.java:50)
	at app//org.openqa.selenium.remote.HttpCommandExecutor.execute(HttpCommandExecutor.java:215)
	at app//org.openqa.selenium.remote.service.DriverCommandExecutor.invokeExecute(DriverCommandExecutor.java:216)
	at app//org.openqa.selenium.remote.service.DriverCommandExecutor.execute(DriverCommandExecutor.java:174)
	at app//org.openqa.selenium.remote.RemoteWebDriver.execute(RemoteWebDriver.java:545)
	at app//org.openqa.selenium.remote.ElementLocation$ElementFinder$2.findElement(ElementLocation.java:165)
	at app//org.openqa.selenium.remote.ElementLocation.findElement(ElementLocation.java:59)
	at app//org.openqa.selenium.remote.RemoteWebDriver.findElement(RemoteWebDriver.java:368)
	at app//org.openqa.selenium.remote.RemoteWebDriver.findElement(RemoteWebDriver.java:362)
	at app//pages.ProductPage.assertPhonesButton(ProductPage.java:52)
	at app//stepDef.WebStep.userClickPhonesButton(WebStep.java:77)
	at ✽.user click phones button(file:///D:/coding/hasil%20coding/FinalJayjay-Iqbal/FinalJayjay_Iqbal/src/test/resources/features/web.feature:54)
</pre>
</span>
</div>
<div class="test">
<a name="Test detail product and add to cart normal"></a>
<h3 class="failures">Test detail product and add to cart normal</h3>
<span class="code">
<pre>org.openqa.selenium.UnhandledAlertException: unexpected alert open: {Alert text : User does not exist.}
  (Session info: chrome=135.0.7049.42): User does not exist.
Build info: version: '4.29.0', revision: '5fc1ec94cb'
System info: os.name: 'Windows 11', os.arch: 'amd64', os.version: '10.0', java.version: '22.0.2'
Driver info: org.openqa.selenium.chrome.ChromeDriver
Command: [fcdcc9061bdba5e7876ca3d551f89adb, findElement {value=//a[.='Samsung galaxy s6']/parent::h4/parent::div/parent::div/a, using=xpath}]
Capabilities {acceptInsecureCerts: false, browserName: chrome, browserVersion: 135.0.7049.42, chrome: {chromedriverVersion: 135.0.7049.84 (6c019e560019..., userDataDir: C:\WINDOWS\SystemTemp\scope...}, fedcm:accounts: true, goog:chromeOptions: {debuggerAddress: localhost:51305}, networkConnectionEnabled: false, pageLoadStrategy: normal, platformName: windows, proxy: Proxy(), se:cdp: ws://localhost:51305/devtoo..., se:cdpVersion: 135.0.7049.42, setWindowRect: true, strictFileInteractability: false, timeouts: {implicit: 0, pageLoad: 300000, script: 30000}, unhandledPromptBehavior: dismiss and notify, webauthn:extension:credBlob: true, webauthn:extension:largeBlob: true, webauthn:extension:minPinLength: true, webauthn:extension:prf: true, webauthn:virtualAuthenticators: true}
Session ID: fcdcc9061bdba5e7876ca3d551f89adb
	at app//org.openqa.selenium.remote.codec.w3c.W3CHttpResponseCodec.decode(W3CHttpResponseCodec.java:136)
	at app//org.openqa.selenium.remote.codec.w3c.W3CHttpResponseCodec.decode(W3CHttpResponseCodec.java:50)
	at app//org.openqa.selenium.remote.HttpCommandExecutor.execute(HttpCommandExecutor.java:215)
	at app//org.openqa.selenium.remote.service.DriverCommandExecutor.invokeExecute(DriverCommandExecutor.java:216)
	at app//org.openqa.selenium.remote.service.DriverCommandExecutor.execute(DriverCommandExecutor.java:174)
	at app//org.openqa.selenium.remote.RemoteWebDriver.execute(RemoteWebDriver.java:545)
	at app//org.openqa.selenium.remote.ElementLocation$ElementFinder$2.findElement(ElementLocation.java:165)
	at app//org.openqa.selenium.remote.ElementLocation.findElement(ElementLocation.java:59)
	at app//org.openqa.selenium.remote.RemoteWebDriver.findElement(RemoteWebDriver.java:368)
	at app//org.openqa.selenium.remote.RemoteWebDriver.findElement(RemoteWebDriver.java:362)
	at app//pages.ProductPage.clickItem(ProductPage.java:25)
	at app//stepDef.WebStep.clickDetailItem(WebStep.java:83)
	at ✽.click detail item &quot;Samsung galaxy s6&quot;(file:///D:/coding/hasil%20coding/FinalJayjay-Iqbal/FinalJayjay_Iqbal/src/test/resources/features/web.feature:43)
</pre>
</span>
</div>
<div class="test">
<a name="Test next page and previous normal web"></a>
<h3 class="failures">Test next page and previous normal web</h3>
<span class="code">
<pre>org.openqa.selenium.UnhandledAlertException: unexpected alert open: {Alert text : User does not exist.}
  (Session info: chrome=135.0.7049.42): User does not exist.
Build info: version: '4.29.0', revision: '5fc1ec94cb'
System info: os.name: 'Windows 11', os.arch: 'amd64', os.version: '10.0', java.version: '22.0.2'
Driver info: org.openqa.selenium.chrome.ChromeDriver
Command: [c7d2ae9ed39b0523e237c3fc730c0ede, findElement {value=next2, using=id}]
Capabilities {acceptInsecureCerts: false, browserName: chrome, browserVersion: 135.0.7049.42, chrome: {chromedriverVersion: 135.0.7049.84 (6c019e560019..., userDataDir: C:\WINDOWS\SystemTemp\scope...}, fedcm:accounts: true, goog:chromeOptions: {debuggerAddress: localhost:51283}, networkConnectionEnabled: false, pageLoadStrategy: normal, platformName: windows, proxy: Proxy(), se:cdp: ws://localhost:51283/devtoo..., se:cdpVersion: 135.0.7049.42, setWindowRect: true, strictFileInteractability: false, timeouts: {implicit: 0, pageLoad: 300000, script: 30000}, unhandledPromptBehavior: dismiss and notify, webauthn:extension:credBlob: true, webauthn:extension:largeBlob: true, webauthn:extension:minPinLength: true, webauthn:extension:prf: true, webauthn:virtualAuthenticators: true}
Session ID: c7d2ae9ed39b0523e237c3fc730c0ede
	at app//org.openqa.selenium.remote.codec.w3c.W3CHttpResponseCodec.decode(W3CHttpResponseCodec.java:136)
	at app//org.openqa.selenium.remote.codec.w3c.W3CHttpResponseCodec.decode(W3CHttpResponseCodec.java:50)
	at app//org.openqa.selenium.remote.HttpCommandExecutor.execute(HttpCommandExecutor.java:215)
	at app//org.openqa.selenium.remote.service.DriverCommandExecutor.invokeExecute(DriverCommandExecutor.java:216)
	at app//org.openqa.selenium.remote.service.DriverCommandExecutor.execute(DriverCommandExecutor.java:174)
	at app//org.openqa.selenium.remote.RemoteWebDriver.execute(RemoteWebDriver.java:545)
	at app//org.openqa.selenium.remote.ElementLocation$ElementFinder$2.findElement(ElementLocation.java:165)
	at app//org.openqa.selenium.remote.ElementLocation.findElement(ElementLocation.java:59)
	at app//org.openqa.selenium.remote.RemoteWebDriver.findElement(RemoteWebDriver.java:368)
	at app//org.openqa.selenium.remote.RemoteWebDriver.findElement(RemoteWebDriver.java:362)
	at app//pages.ProductPage.buttonNextPage(ProductPage.java:30)
	at app//stepDef.WebStep.userClickNextPage(WebStep.java:58)
	at ✽.user click next page(file:///D:/coding/hasil%20coding/FinalJayjay-Iqbal/FinalJayjay_Iqbal/src/test/resources/features/web.feature:30)
</pre>
</span>
</div>
</div>
<div id="tab1" class="tab">
<h2>Tests</h2>
<table>
<thead>
<tr>
<th>Test</th>
<th>Duration</th>
<th>Result</th>
</tr>
</thead>
<tr>
<td class="success">Test Login normal web</td>
<td class="success">6.522s</td>
<td class="success">passed</td>
</tr>
<tr>
<td class="failures">Test detail categories</td>
<td class="failures">8.537s</td>
<td class="failures">failed</td>
</tr>
<tr>
<td class="failures">Test detail product and add to cart normal</td>
<td class="failures">9.923s</td>
<td class="failures">failed</td>
</tr>
<tr>
<td class="success">Test login with username and password invalid</td>
<td class="success">7.586s</td>
<td class="success">passed</td>
</tr>
<tr>
<td class="failures">Test next page and previous normal web</td>
<td class="failures">8.713s</td>
<td class="failures">failed</td>
</tr>
</table>
</div>
<div id="tab2" class="tab">
<h2>Standard output</h2>
<span class="code">
<pre>
@web
Scenario: Test Login normal web                       ?[90m# src/test/resources/features/web.feature:4?[0m
  ?[32mGiven ?[0m?[32m: open web login page?[0m                         ?[90m# stepDef.WebStep.openWebLoginPage()?[0m
  ?[32mAnd ?[0m?[32muser click button login?[0m                         ?[90m# stepDef.WebStep.userClickButtonLogin()?[0m
  ?[32mAnd ?[0m?[32muser input username ?[0m?[32m?[1m&quot;iqbalgunawan403@gmail.com&quot;?[0m ?[90m# stepDef.WebStep.userInputUsername(java.lang.String)?[0m
  ?[32mAnd ?[0m?[32muser input password ?[0m?[32m?[1m&quot;14Februari&quot;?[0m                ?[90m# stepDef.WebStep.userInputPassword(java.lang.String)?[0m
  ?[32mAnd ?[0m?[32muser click login button?[0m                         ?[90m# stepDef.WebStep.userClickLoginButton()?[0m
  ?[32mAnd ?[0m?[32muser will see icon name of user?[0m                 ?[90m# stepDef.WebStep.userWillSeeIconNameOfUser()?[0m

@web
Scenario: Test login with username and password invalid                                              ?[90m# src/test/resources/features/web.feature:13?[0m
  ?[32mGiven ?[0m?[32m: open web login page?[0m                                                                        ?[90m# stepDef.WebStep.openWebLoginPage()?[0m
  ?[32mAnd ?[0m?[32muser click button login?[0m                                                                        ?[90m# stepDef.WebStep.userClickButtonLogin()?[0m
  ?[32mAnd ?[0m?[32muser input username ?[0m?[32m?[1m&quot;satusatu&quot;?[0m                                                                 ?[90m# stepDef.WebStep.userInputUsername(java.lang.String)?[0m
  ?[32mAnd ?[0m?[32muser input password ?[0m?[32m?[1m&quot;12345678rr&quot;?[0m                                                               ?[90m# stepDef.WebStep.userInputPassword(java.lang.String)?[0m
  ?[32mAnd ?[0m?[32muser click login button?[0m                                                                        ?[90m# stepDef.WebStep.userClickLoginButton()?[0m
Alert text: Wrong password.
  ?[32mAnd ?[0m?[32muser on the page and will see error message ?[0m?[32m?[1m&quot;www.demoblaze.com menyatakan user does not exist&quot;?[0m ?[90m# stepDef.WebStep.userOnThePageAndWillSeeErrorMessage(java.lang.String)?[0m

@web
Scenario: Test next page and previous normal web      ?[90m# src/test/resources/features/web.feature:23?[0m
  ?[32mGiven ?[0m?[32m: open web login page?[0m                         ?[90m# stepDef.WebStep.openWebLoginPage()?[0m
  ?[32mAnd ?[0m?[32muser click button login?[0m                         ?[90m# stepDef.WebStep.userClickButtonLogin()?[0m
  ?[32mAnd ?[0m?[32muser input username ?[0m?[32m?[1m&quot;iqbalgunawan403@gmail.com&quot;?[0m ?[90m# stepDef.WebStep.userInputUsername(java.lang.String)?[0m
  ?[32mAnd ?[0m?[32muser input password ?[0m?[32m?[1m&quot;14Februari&quot;?[0m                ?[90m# stepDef.WebStep.userInputPassword(java.lang.String)?[0m
  ?[32mAnd ?[0m?[32muser click login button?[0m                         ?[90m# stepDef.WebStep.userClickLoginButton()?[0m
  ?[32mAnd ?[0m?[32muser will see icon name of user?[0m                 ?[90m# stepDef.WebStep.userWillSeeIconNameOfUser()?[0m
  ?[31mAnd ?[0m?[31muser click next page?[0m                            ?[90m# stepDef.WebStep.userClickNextPage()?[0m
      ?[31morg.openqa.selenium.UnhandledAlertException: unexpected alert open: {Alert text : User does not exist.}
  (Session info: chrome=135.0.7049.42): User does not exist.
Build info: version: '4.29.0', revision: '5fc1ec94cb'
System info: os.name: 'Windows 11', os.arch: 'amd64', os.version: '10.0', java.version: '22.0.2'
Driver info: org.openqa.selenium.chrome.ChromeDriver
Command: [c7d2ae9ed39b0523e237c3fc730c0ede, findElement {value=next2, using=id}]
Capabilities {acceptInsecureCerts: false, browserName: chrome, browserVersion: 135.0.7049.42, chrome: {chromedriverVersion: 135.0.7049.84 (6c019e560019..., userDataDir: C:\WINDOWS\SystemTemp\scope...}, fedcm:accounts: true, goog:chromeOptions: {debuggerAddress: localhost:51283}, networkConnectionEnabled: false, pageLoadStrategy: normal, platformName: windows, proxy: Proxy(), se:cdp: ws://localhost:51283/devtoo..., se:cdpVersion: 135.0.7049.42, setWindowRect: true, strictFileInteractability: false, timeouts: {implicit: 0, pageLoad: 300000, script: 30000}, unhandledPromptBehavior: dismiss and notify, webauthn:extension:credBlob: true, webauthn:extension:largeBlob: true, webauthn:extension:minPinLength: true, webauthn:extension:prf: true, webauthn:virtualAuthenticators: true}
Session ID: c7d2ae9ed39b0523e237c3fc730c0ede
	at org.openqa.selenium.remote.codec.w3c.W3CHttpResponseCodec.decode(W3CHttpResponseCodec.java:136)
	at org.openqa.selenium.remote.codec.w3c.W3CHttpResponseCodec.decode(W3CHttpResponseCodec.java:50)
	at org.openqa.selenium.remote.HttpCommandExecutor.execute(HttpCommandExecutor.java:215)
	at org.openqa.selenium.remote.service.DriverCommandExecutor.invokeExecute(DriverCommandExecutor.java:216)
	at org.openqa.selenium.remote.service.DriverCommandExecutor.execute(DriverCommandExecutor.java:174)
	at org.openqa.selenium.remote.RemoteWebDriver.execute(RemoteWebDriver.java:545)
	at org.openqa.selenium.remote.ElementLocation$ElementFinder$2.findElement(ElementLocation.java:165)
	at org.openqa.selenium.remote.ElementLocation.findElement(ElementLocation.java:59)
	at org.openqa.selenium.remote.RemoteWebDriver.findElement(RemoteWebDriver.java:368)
	at org.openqa.selenium.remote.RemoteWebDriver.findElement(RemoteWebDriver.java:362)
	at pages.ProductPage.buttonNextPage(ProductPage.java:30)
	at stepDef.WebStep.userClickNextPage(WebStep.java:58)
	at ✽.user click next page(file:///D:/coding/hasil%20coding/FinalJayjay-Iqbal/FinalJayjay_Iqbal/src/test/resources/features/web.feature:30)
?[0m
  ?[36mAnd ?[0m?[36muser will see button previous page?[0m              ?[90m# stepDef.WebStep.userWillSeeButtonPreviousPage()?[0m
  ?[36mAnd ?[0m?[36muser click previous page?[0m                        ?[90m# stepDef.WebStep.userClickPreviousPage()?[0m

@web
Scenario: Test detail product and add to cart normal  ?[90m# src/test/resources/features/web.feature:36?[0m
  ?[32mGiven ?[0m?[32m: open web login page?[0m                         ?[90m# stepDef.WebStep.openWebLoginPage()?[0m
  ?[32mAnd ?[0m?[32muser click button login?[0m                         ?[90m# stepDef.WebStep.userClickButtonLogin()?[0m
  ?[32mAnd ?[0m?[32muser input username ?[0m?[32m?[1m&quot;iqbalgunawan403@gmail.com&quot;?[0m ?[90m# stepDef.WebStep.userInputUsername(java.lang.String)?[0m
  ?[32mAnd ?[0m?[32muser input password ?[0m?[32m?[1m&quot;14Februari&quot;?[0m                ?[90m# stepDef.WebStep.userInputPassword(java.lang.String)?[0m
  ?[32mAnd ?[0m?[32muser click login button?[0m                         ?[90m# stepDef.WebStep.userClickLoginButton()?[0m
  ?[32mAnd ?[0m?[32muser will see icon name of user?[0m                 ?[90m# stepDef.WebStep.userWillSeeIconNameOfUser()?[0m
  ?[31mAnd ?[0m?[31mclick detail item ?[0m?[31m?[1m&quot;Samsung galaxy s6&quot;?[0m           ?[90m# stepDef.WebStep.clickDetailItem(java.lang.String)?[0m
      ?[31morg.openqa.selenium.UnhandledAlertException: unexpected alert open: {Alert text : User does not exist.}
  (Session info: chrome=135.0.7049.42): User does not exist.
Build info: version: '4.29.0', revision: '5fc1ec94cb'
System info: os.name: 'Windows 11', os.arch: 'amd64', os.version: '10.0', java.version: '22.0.2'
Driver info: org.openqa.selenium.chrome.ChromeDriver
Command: [fcdcc9061bdba5e7876ca3d551f89adb, findElement {value=//a[.='Samsung galaxy s6']/parent::h4/parent::div/parent::div/a, using=xpath}]
Capabilities {acceptInsecureCerts: false, browserName: chrome, browserVersion: 135.0.7049.42, chrome: {chromedriverVersion: 135.0.7049.84 (6c019e560019..., userDataDir: C:\WINDOWS\SystemTemp\scope...}, fedcm:accounts: true, goog:chromeOptions: {debuggerAddress: localhost:51305}, networkConnectionEnabled: false, pageLoadStrategy: normal, platformName: windows, proxy: Proxy(), se:cdp: ws://localhost:51305/devtoo..., se:cdpVersion: 135.0.7049.42, setWindowRect: true, strictFileInteractability: false, timeouts: {implicit: 0, pageLoad: 300000, script: 30000}, unhandledPromptBehavior: dismiss and notify, webauthn:extension:credBlob: true, webauthn:extension:largeBlob: true, webauthn:extension:minPinLength: true, webauthn:extension:prf: true, webauthn:virtualAuthenticators: true}
Session ID: fcdcc9061bdba5e7876ca3d551f89adb
	at org.openqa.selenium.remote.codec.w3c.W3CHttpResponseCodec.decode(W3CHttpResponseCodec.java:136)
	at org.openqa.selenium.remote.codec.w3c.W3CHttpResponseCodec.decode(W3CHttpResponseCodec.java:50)
	at org.openqa.selenium.remote.HttpCommandExecutor.execute(HttpCommandExecutor.java:215)
	at org.openqa.selenium.remote.service.DriverCommandExecutor.invokeExecute(DriverCommandExecutor.java:216)
	at org.openqa.selenium.remote.service.DriverCommandExecutor.execute(DriverCommandExecutor.java:174)
	at org.openqa.selenium.remote.RemoteWebDriver.execute(RemoteWebDriver.java:545)
	at org.openqa.selenium.remote.ElementLocation$ElementFinder$2.findElement(ElementLocation.java:165)
	at org.openqa.selenium.remote.ElementLocation.findElement(ElementLocation.java:59)
	at org.openqa.selenium.remote.RemoteWebDriver.findElement(RemoteWebDriver.java:368)
	at org.openqa.selenium.remote.RemoteWebDriver.findElement(RemoteWebDriver.java:362)
	at pages.ProductPage.clickItem(ProductPage.java:25)
	at stepDef.WebStep.clickDetailItem(WebStep.java:83)
	at ✽.click detail item &quot;Samsung galaxy s6&quot;(file:///D:/coding/hasil%20coding/FinalJayjay-Iqbal/FinalJayjay_Iqbal/src/test/resources/features/web.feature:43)
?[0m
  ?[36mAnd ?[0m?[36mclick  button add to cart?[0m                       ?[90m# stepDef.WebStep.clickButtonAddToCart()?[0m

@web
Scenario: Test detail categories                      ?[90m# src/test/resources/features/web.feature:47?[0m
  ?[32mGiven ?[0m?[32m: open web login page?[0m                         ?[90m# stepDef.WebStep.openWebLoginPage()?[0m
  ?[32mAnd ?[0m?[32muser click button login?[0m                         ?[90m# stepDef.WebStep.userClickButtonLogin()?[0m
  ?[32mAnd ?[0m?[32muser input username ?[0m?[32m?[1m&quot;iqbalgunawan403@gmail.com&quot;?[0m ?[90m# stepDef.WebStep.userInputUsername(java.lang.String)?[0m
  ?[32mAnd ?[0m?[32muser input password ?[0m?[32m?[1m&quot;14Februari&quot;?[0m                ?[90m# stepDef.WebStep.userInputPassword(java.lang.String)?[0m
  ?[32mAnd ?[0m?[32muser click login button?[0m                         ?[90m# stepDef.WebStep.userClickLoginButton()?[0m
  ?[32mAnd ?[0m?[32muser will see icon name of user?[0m                 ?[90m# stepDef.WebStep.userWillSeeIconNameOfUser()?[0m
  ?[31mAnd ?[0m?[31muser click phones button?[0m                        ?[90m# stepDef.WebStep.userClickPhonesButton()?[0m
      ?[31morg.openqa.selenium.UnhandledAlertException: unexpected alert open: {Alert text : User does not exist.}
  (Session info: chrome=135.0.7049.42): User does not exist.
Build info: version: '4.29.0', revision: '5fc1ec94cb'
System info: os.name: 'Windows 11', os.arch: 'amd64', os.version: '10.0', java.version: '22.0.2'
Driver info: org.openqa.selenium.chrome.ChromeDriver
Command: [52cd9468643fc1b4ab501fca9679ecbb, findElement {value=//a[@onclick=&quot;byCat('phone')&quot;], using=xpath}]
Capabilities {acceptInsecureCerts: false, browserName: chrome, browserVersion: 135.0.7049.42, chrome: {chromedriverVersion: 135.0.7049.84 (6c019e560019..., userDataDir: C:\WINDOWS\SystemTemp\scope...}, fedcm:accounts: true, goog:chromeOptions: {debuggerAddress: localhost:51332}, networkConnectionEnabled: false, pageLoadStrategy: normal, platformName: windows, proxy: Proxy(), se:cdp: ws://localhost:51332/devtoo..., se:cdpVersion: 135.0.7049.42, setWindowRect: true, strictFileInteractability: false, timeouts: {implicit: 0, pageLoad: 300000, script: 30000}, unhandledPromptBehavior: dismiss and notify, webauthn:extension:credBlob: true, webauthn:extension:largeBlob: true, webauthn:extension:minPinLength: true, webauthn:extension:prf: true, webauthn:virtualAuthenticators: true}
Session ID: 52cd9468643fc1b4ab501fca9679ecbb
	at org.openqa.selenium.remote.codec.w3c.W3CHttpResponseCodec.decode(W3CHttpResponseCodec.java:136)
	at org.openqa.selenium.remote.codec.w3c.W3CHttpResponseCodec.decode(W3CHttpResponseCodec.java:50)
	at org.openqa.selenium.remote.HttpCommandExecutor.execute(HttpCommandExecutor.java:215)
	at org.openqa.selenium.remote.service.DriverCommandExecutor.invokeExecute(DriverCommandExecutor.java:216)
	at org.openqa.selenium.remote.service.DriverCommandExecutor.execute(DriverCommandExecutor.java:174)
	at org.openqa.selenium.remote.RemoteWebDriver.execute(RemoteWebDriver.java:545)
	at org.openqa.selenium.remote.ElementLocation$ElementFinder$2.findElement(ElementLocation.java:165)
	at org.openqa.selenium.remote.ElementLocation.findElement(ElementLocation.java:59)
	at org.openqa.selenium.remote.RemoteWebDriver.findElement(RemoteWebDriver.java:368)
	at org.openqa.selenium.remote.RemoteWebDriver.findElement(RemoteWebDriver.java:362)
	at pages.ProductPage.assertPhonesButton(ProductPage.java:52)
	at stepDef.WebStep.userClickPhonesButton(WebStep.java:77)
	at ✽.user click phones button(file:///D:/coding/hasil%20coding/FinalJayjay-Iqbal/FinalJayjay_Iqbal/src/test/resources/features/web.feature:54)
?[0m
</pre>
</span>
</div>
<div id="tab3" class="tab">
<h2>Standard error</h2>
<span class="code">
<pre>Apr 09, 2025 12:22:45 PM org.openqa.selenium.devtools.CdpVersionFinder findNearestMatch
WARNING: Unable to find an exact match for CDP version 135, returning the closest version; found: 133; Please update to a Selenium version that supports CDP version 135
Apr 09, 2025 12:22:52 PM org.openqa.selenium.devtools.CdpVersionFinder findNearestMatch
WARNING: Unable to find an exact match for CDP version 135, returning the closest version; found: 133; Please update to a Selenium version that supports CDP version 135
Apr 09, 2025 12:23:00 PM org.openqa.selenium.devtools.CdpVersionFinder findNearestMatch
WARNING: Unable to find an exact match for CDP version 135, returning the closest version; found: 133; Please update to a Selenium version that supports CDP version 135
Apr 09, 2025 12:23:09 PM org.openqa.selenium.devtools.CdpVersionFinder findNearestMatch
WARNING: Unable to find an exact match for CDP version 135, returning the closest version; found: 133; Please update to a Selenium version that supports CDP version 135
Apr 09, 2025 12:23:18 PM org.openqa.selenium.devtools.CdpVersionFinder findNearestMatch
WARNING: Unable to find an exact match for CDP version 135, returning the closest version; found: 133; Please update to a Selenium version that supports CDP version 135
</pre>
</span>
</div>
</div>
<div id="footer">
<p>
<div>
<label class="hidden" id="label-for-line-wrapping-toggle" for="line-wrapping-toggle">Wrap lines
<input id="line-wrapping-toggle" type="checkbox" autocomplete="off"/>
</label>
</div>Generated by 
<a href="http://www.gradle.org">Gradle 8.10</a> at Apr 9, 2025, 12:23:26 PM</p>
</div>
</div>
</body>
</html>
